#
# An unexpected error has occurred (6)
#
Stack:
/lib/x86_64-linux-gnu/libc.so.6(+0x3ef10) [0x7f53e827ef10]
/lib/x86_64-linux-gnu/libc.so.6(gsignal+0xc7) [0x7f53e827ee87]
/lib/x86_64-linux-gnu/libc.so.6(abort+0x141) [0x7f53e82807f1]
/lib/x86_64-linux-gnu/libc.so.6(+0x89837) [0x7f53e82c9837]
/lib/x86_64-linux-gnu/libc.so.6(+0x908ba) [0x7f53e82d08ba]
/lib/x86_64-linux-gnu/libc.so.6(+0x98aa2) [0x7f53e82d8aa2]
/lib/x86_64-linux-gnu/libudev.so.1(+0x48cd) [0x7f53a8b748cd]
/lib/x86_64-linux-gnu/libudev.so.1(+0x7185) [0x7f53a8b77185]
/lib/x86_64-linux-gnu/libudev.so.1(+0xe0d3) [0x7f53a8b7e0d3]
/lib/x86_64-linux-gnu/libudev.so.1(+0xe611) [0x7f53a8b7e611]
/lib/x86_64-linux-gnu/libudev.so.1(+0x1068c) [0x7f53a8b8068c]
/lib/x86_64-linux-gnu/libudev.so.1(+0x10a55) [0x7f53a8b80a55]
/lib/x86_64-linux-gnu/libudev.so.1(udev_enumerate_scan_devices+0x270) [0x7f53a8b820a0]
/home/ichiro/Xilinx/Vivado/2023.1/lib/lnx64.o/libXil_lmgr11.so(+0x10f927) [0x7f53e108f927]
/home/ichiro/Xilinx/Vivado/2023.1/lib/lnx64.o/libXil_lmgr11.so(xilinxd_52bd858d5acf2fc4+0x9) [0x7f53e108fd89]
/home/ichiro/Xilinx/Vivado/2023.1/lib/lnx64.o/libXil_lmgr11.so(+0xc6566) [0x7f53e1046566]
/home/ichiro/Xilinx/Vivado/2023.1/lib/lnx64.o/libXil_lmgr11.so(xilinxd_52bd853912de43c2+0xc8) [0x7f53e1046098]
/home/ichiro/Xilinx/Vivado/2023.1/lib/lnx64.o/libXil_lmgr11.so(+0xb33a2) [0x7f53e10333a2]
/home/ichiro/Xilinx/Vivado/2023.1/lib/lnx64.o/libXil_lmgr11.so(xilinxd_52bd995765656b48+0x2a) [0x7f53e103d5da]
/home/ichiro/Xilinx/Vivado/2023.1/lib/lnx64.o/libXil_lmgr11.so(xilinxd_52bd700d1bd3c616+0x73) [0x7f53e103d6c3]
/home/ichiro/Xilinx/Vivado/2023.1/lib/lnx64.o/librdi_commonxillic.so(XilReg::Utils::GetHostInfo[abi:cxx11](XilReg::Utils::HostInfoType, bool) const+0x1a0) [0x7f53e4fcfe10]
/home/ichiro/Xilinx/Vivado/2023.1/lib/lnx64.o/librdi_commonxillic.so(XilReg::Utils::GetHostInfoFormatted[abi:cxx11](XilReg::Utils::HostInfoType, bool) const+0x59) [0x7f53e4fd2d29]
/home/ichiro/Xilinx/Vivado/2023.1/lib/lnx64.o/librdi_commonxillic.so(XilReg::Utils::GetHostInfo[abi:cxx11]() const+0x103) [0x7f53e4fd2fe3]
/home/ichiro/Xilinx/Vivado/2023.1/lib/lnx64.o/librdi_commonxillic.so(XilReg::Utils::GetRegInfo(std::__cxx11::basic_string<char, std::char_traits<char>, std::allocator<char> > const&, bool, bool)+0x96) [0x7f53e4fda066]
/home/ichiro/Xilinx/Vivado/2023.1/lib/lnx64.o/librdi_commonxillic.so(XilReg::Utils::GetRegInfoWebTalk(std::__cxx11::basic_string<char, std::char_traits<char>, std::allocator<char> > const&)+0x60) [0x7f53e4fda290]
/home/ichiro/Xilinx/Vivado/2023.1/lib/lnx64.o/librdi_project.so(HAPRWebtalkHelper::getRegistrationId[abi:cxx11]() const+0x3d) [0x7f53c3ef74fd]
/home/ichiro/Xilinx/Vivado/2023.1/lib/lnx64.o/librdi_project.so(HAPRWebtalkHelper::HAPRWebtalkHelper(HAPRProject*, HAPRDesign*, HWEWebtalkMgr*, std::__cxx11::basic_string<char, std::char_traits<char>, std::allocator<char> > const&)+0x178) [0x7f53c3ef9bf8]
/home/ichiro/Xilinx/Vivado/2023.1/lib/lnx64.o/librdi_tcltasks.so(+0x1db7ab5) [0x7f53daa27ab5]
/home/ichiro/Xilinx/Vivado/2023.1/lib/lnx64.o/librdi_tcltasks.so(+0x1dc0454) [0x7f53daa30454]
/home/ichiro/Xilinx/Vivado/2023.1/lib/lnx64.o/librdi_common.so(+0xbcfbcf) [0x7f53e97bfbcf]
/home/ichiro/Xilinx/Vivado/2023.1/lib/lnx64.o/libtcl8.5.so(+0x3356f) [0x7f53e480356f]
/home/ichiro/Xilinx/Vivado/2023.1/lib/lnx64.o/libtcl8.5.so(+0x34bf8) [0x7f53e4804bf8]
/home/ichiro/Xilinx/Vivado/2023.1/lib/lnx64.o/libtcl8.5.so(Tcl_EvalEx+0x13) [0x7f53e4805163]
/home/ichiro/Xilinx/Vivado/2023.1/lib/lnx64.o/libtcl8.5.so(Tcl_FSEvalFileEx+0x1da) [0x7f53e4869d2a]
/home/ichiro/Xilinx/Vivado/2023.1/lib/lnx64.o/librdi_commontasks.so(+0x27cfb0) [0x7f53dda9cfb0]
/home/ichiro/Xilinx/Vivado/2023.1/lib/lnx64.o/librdi_common.so(+0xbcfbcf) [0x7f53e97bfbcf]
/home/ichiro/Xilinx/Vivado/2023.1/lib/lnx64.o/libtcl8.5.so(+0x3356f) [0x7f53e480356f]
/home/ichiro/Xilinx/Vivado/2023.1/lib/lnx64.o/libtcl8.5.so(Tcl_EvalObjv+0x32) [0x7f53e48036a2]
/home/ichiro/Xilinx/Vivado/2023.1/lib/lnx64.o/libtcl8.5.so(TclEvalObjEx+0x322) [0x7f53e48054c2]
/home/ichiro/Xilinx/Vivado/2023.1/lib/lnx64.o/librdi_commontasks.so(+0x2c3538) [0x7f53ddae3538]
/home/ichiro/Xilinx/Vivado/2023.1/lib/lnx64.o/librdi_commontasks.so(+0x2c4b3f) [0x7f53ddae4b3f]
/home/ichiro/Xilinx/Vivado/2023.1/lib/lnx64.o/librdi_common.so(+0xbcfbcf) [0x7f53e97bfbcf]
/home/ichiro/Xilinx/Vivado/2023.1/lib/lnx64.o/libtcl8.5.so(+0x3356f) [0x7f53e480356f]
/home/ichiro/Xilinx/Vivado/2023.1/lib/lnx64.o/libtcl8.5.so(Tcl_EvalObjv+0x32) [0x7f53e48036a2]
/home/ichiro/Xilinx/Vivado/2023.1/lib/lnx64.o/libtcl8.5.so(TclEvalObjEx+0x322) [0x7f53e48054c2]
/home/ichiro/Xilinx/Vivado/2023.1/lib/lnx64.o/librdi_commonmain.so(+0xc5b8) [0x7f53ea6cc5b8]
/home/ichiro/Xilinx/Vivado/2023.1/lib/lnx64.o/libtcl8.5.so(Tcl_Main+0x1d0) [0x7f53e48702f0]
/home/ichiro/Xilinx/Vivado/2023.1/lib/lnx64.o/librdi_common.so(+0xbfd38b) [0x7f53e97ed38b]
/lib/x86_64-linux-gnu/libpthread.so.0(+0x76db) [0x7f53e80276db]
/lib/x86_64-linux-gnu/libc.so.6(clone+0x3f) [0x7f53e836161f]
